<?xml version="1.0" encoding="UTF-8"?>
<testsuite name="SlackApiWrapper::Send Message" skipped="0" failures="0" errors="0" tests="3" assertions="0" time="0.00010200000542681664">
  <testcase name="test_0001_Can send a message to a valid channel" classname="SlackApiWrapper::Send Message" assertions="0" time="6.200000643730164e-05">
  </testcase>
  <testcase name="test_0003_Requires a channel and a message" classname="SlackApiWrapper::Send Message" assertions="0" time="2.099999983329326e-05">
  </testcase>
  <testcase name="test_0002_Returns false when sending a message fails" classname="SlackApiWrapper::Send Message" assertions="0" time="1.8999999156221747e-05">
  </testcase>
</testsuite>
