<?xml version="1.0" encoding="UTF-8"?>
<testsuite name="Channel" skipped="0" failures="1" errors="0" tests="4" assertions="5" time="0.0005020000098738819">
  <testcase name="test_0002_Can create a Channel instance" classname="Channel" assertions="1" time="3.7999998312443495e-05">
  </testcase>
  <testcase name="test_0004_Has the accessor methods" classname="Channel" assertions="0" time="8.000002708286047e-06">
  </testcase>
  <testcase name="test_0001_Requires 2 arguments to initialize" classname="Channel" assertions="2" time="0.00019200000679120421">
  </testcase>
  <testcase name="test_0003_Can create a Channel with optional params" classname="Channel" assertions="2" time="0.0002640000020619482">
    <failure type="test_0003_Can create a Channel with optional params" message="Expected: &quot;Show how to test!&quot;...">
Failure:
test_0003_Can create a Channel with optional params(Channel) [/Users/Chris/ada/temp/slack/slack_api_example/test/lib/channel_test.rb:27]:
Expected: "Show how to test!"
  Actual: nil
    </failure>
  </testcase>
</testsuite>
